Sending build context to Docker daemon  1.582GB
Step 1/20 : FROM nvidia/cuda:10.2-base-ubuntu18.04
 ---> 70223badf23a
Step 2/20 : LABEL maintainer="Timothy Stephens"
 ---> Using cache
 ---> acc1d713a5a6
Step 3/20 : ARG CONDA_PYTHON_VERSION=3
 ---> Using cache
 ---> f567fc017de7
Step 4/20 : ARG CONDA_DIR=/opt/conda
 ---> Using cache
 ---> a3ab88b1dec3
Step 5/20 : ARG USERNAME=docker
 ---> Using cache
 ---> bb3f97c76fda
Step 6/20 : ARG USERID=1000
 ---> Using cache
 ---> 66123f8e49f5
Step 7/20 : RUN apt-get update &&     apt-get install -y --no-install-recommends git wget unzip bzip2 sudo build-essential ca-certificates openssh-client libsm6 libxrender1 libfontconfig1 libxext6 libxrender-dev &&     apt-get clean &&     rm -rf /var/lib/apt/lists/*
 ---> Using cache
 ---> 3662510c97a9
Step 8/20 : ENV PATH $CONDA_DIR/bin:$PATH
 ---> Using cache
 ---> 8c0928e89f44
Step 9/20 : RUN wget --quiet https://repo.continuum.io/miniconda/Miniconda$CONDA_PYTHON_VERSION-latest-Linux-x86_64.sh -O /tmp/miniconda.sh &&     echo 'export PATH=$CONDA_DIR/bin:$PATH' > /etc/profile.d/conda.sh &&     /bin/bash /tmp/miniconda.sh -b -p $CONDA_DIR &&     rm -rf /tmp/*
 ---> Using cache
 ---> f852e63a5c07
Step 10/20 : RUN useradd --create-home -s /bin/bash --no-user-group -u $USERID $USERNAME &&     chown $USERNAME $CONDA_DIR -R &&     adduser $USERNAME sudo &&     echo "$USERNAME ALL=(ALL) NOPASSWD: ALL" >> /etc/sudoers
 ---> Using cache
 ---> c890a431f709
Step 11/20 : USER $USERNAME
 ---> Using cache
 ---> e8ae82445bfd
Step 12/20 : WORKDIR /home/$USERNAME
 ---> Using cache
 ---> 198264bd4f3e
Step 13/20 : RUN conda install -y mamba -c conda-forge
 ---> Using cache
 ---> bd18a3c09fcb
Step 14/20 : RUN mkdir -p  /home/$USERNAME/.ssh/ &&     echo -e "Host github.com\n\tStrictHostKeyChecking no\n" >> /home/$USERNAME/.ssh/config
 ---> Using cache
 ---> 8cca3a926f50
Step 15/20 : COPY TestStripDX /home/$USERNAME/TestStripDX
 ---> Using cache
 ---> 63c9b1c41f8f
Step 16/20 : WORKDIR /home/$USERNAME/TestStripDX
 ---> Using cache
 ---> 67a5e3377407
Step 17/20 : RUN mamba env update --file conda-cpu.yml &&     conda clean -tipy
 ---> Running in 42874a1e93ad


Looking for: ['python==3.7.2', 'pip', 'matplotlib', 'moviepy', 'pypdf2']


[91mwarning  libmamba Extracted package cache '/opt/conda/pkgs/libstdcxx-ng-11.2.0-h1234567_1' has invalid size
warning  libmamba Extracted package cache '/opt/conda/pkgs/libstdcxx-ng-11.2.0-h1234567_1' has invalid SHA-256 checksum
warning  libmamba Extracted package cache '/opt/conda/pkgs/ca-certificates-2023.01.10-h06a4308_0' has invalid size
warning  libmamba Extracted package cache '/opt/conda/pkgs/ca-certificates-2023.01.10-h06a4308_0' has invalid SHA-256 checksum
warning  libmamba Extracted package cache '/opt/conda/pkgs/_libgcc_mutex-0.1-main' has invalid size
warning  libmamba Extracted package cache '/opt/conda/pkgs/_libgcc_mutex-0.1-main' has invalid SHA-256 checksum
[0m[91mwarning  libmamba Extracted package cache '/opt/conda/pkgs/libgomp-11.2.0-h1234567_1' has invalid size
warning  libmamba Extracted package cache '/opt/conda/pkgs/libgomp-11.2.0-h1234567_1' has invalid SHA-256 checksum
[0m[91mwarning  libmamba Extracted package cache '/opt/conda/pkgs/_openmp_mutex-5.1-1_gnu' has invalid size
warning  libmamba Extracted package cache '/opt/conda/pkgs/_openmp_mutex-5.1-1_gnu' has invalid SHA-256 checksum
[0m[91mwarning  libmamba Extracted package cache '/opt/conda/pkgs/libgcc-ng-11.2.0-h1234567_1' has invalid size
warning  libmamba Extracted package cache '/opt/conda/pkgs/libgcc-ng-11.2.0-h1234567_1' has invalid SHA-256 checksum
[0m[91mwarning  libmamba Extracted package cache '/opt/conda/pkgs/libuuid-1.41.5-h5eee18b_0' has invalid size
warning  libmamba Extracted package cache '/opt/conda/pkgs/libuuid-1.41.5-h5eee18b_0' has invalid SHA-256 checksum
[0m[91mwarning  libmamba Extracted package cache '/opt/conda/pkgs/bzip2-1.0.8-h7b6447c_0' has invalid size
warning  libmamba Extracted package cache '/opt/conda/pkgs/bzip2-1.0.8-h7b6447c_0' has invalid SHA-256 checksum
[0m[91mwarning  libmamba Extracted package cache '/opt/conda/pkgs/zlib-1.2.13-h5eee18b_0' has invalid size
warning  libmamba Extracted package cache '/opt/conda/pkgs/zlib-1.2.13-h5eee18b_0' has invalid SHA-256 checksum
[0m[91mwarning  libmamba Extracted package cache '/opt/conda/pkgs/xz-5.2.10-h5eee18b_1' has invalid size
warning  libmamba Extracted package cache '/opt/conda/pkgs/xz-5.2.10-h5eee18b_1' has invalid SHA-256 checksum
[0m[91mwarning  libmamba Extracted package cache '/opt/conda/pkgs/openssl-1.1.1s-h7f8727e_0' has invalid size
warning  libmamba Extracted package cache '/opt/conda/pkgs/openssl-1.1.1s-h7f8727e_0' has invalid SHA-256 checksum
[0m[91mwarning  libmamba Extracted package cache '/opt/conda/pkgs/ncurses-6.4-h6a678d5_0' has invalid size
warning  libmamba Extracted package cache '/opt/conda/pkgs/ncurses-6.4-h6a678d5_0' has invalid SHA-256 checksum
[0m[91mwarning  libmamba Extracted package cache '/opt/conda/pkgs/libffi-3.4.2-h6a678d5_6' has invalid size
warning  libmamba Extracted package cache '/opt/conda/pkgs/libffi-3.4.2-h6a678d5_6' has invalid SHA-256 checksum
[0m[91mwarning  libmamba Extracted package cache '/opt/conda/pkgs/tk-8.6.12-h1ccaba5_0' has invalid size
warning  libmamba Extracted package cache '/opt/conda/pkgs/tk-8.6.12-h1ccaba5_0' has invalid SHA-256 checksum
[0m[91mwarning  libmamba Extracted package cache '/opt/conda/pkgs/wheel-0.37.1-pyhd3eb1b0_0' has invalid size
warning  libmamba Extracted package cache '/opt/conda/pkgs/wheel-0.37.1-pyhd3eb1b0_0' has invalid SHA-256 checksum
[0m[91mwarning  libmamba Extracted package cache '/opt/conda/pkgs/six-1.16.0-pyhd3eb1b0_1' has invalid size
warning  libmamba Extracted package cache '/opt/conda/pkgs/six-1.16.0-pyhd3eb1b0_1' has invalid SHA-256 checksum
warning  libmamba Extracted package cache '/opt/conda/pkgs/pycparser-2.21-pyhd3eb1b0_0' has invalid size
warning  libmamba Extracted package cache '/opt/conda/pkgs/pycparser-2.21-pyhd3eb1b0_0' has invalid SHA-256 checksum
[0m[91mwarning  libmamba Extracted package cache '/opt/conda/pkgs/charset-normalizer-2.0.4-pyhd3eb1b0_0' has invalid size
warning  libmamba Extracted package cache '/opt/conda/pkgs/charset-normalizer-2.0.4-pyhd3eb1b0_0' has invalid SHA-256 checksum
[0m[91mwarning  libmamba Extracted package cache '/opt/conda/pkgs/pyopenssl-22.0.0-pyhd3eb1b0_0' has invalid size
warning  libmamba Extracted package cache '/opt/conda/pkgs/pyopenssl-22.0.0-pyhd3eb1b0_0' has invalid SHA-256 checksum
[0mTransaction

  Prefix: /opt/conda/envs/yolov4-cpu

  Updating specs:

   - python==3.7.2
   - pip
   - matplotlib
   - moviepy
   - pypdf2


  Package                      Version  Build              Channel                 Size
─────────────────────────────────────────────────────────────────────────────────────────
  Install:
─────────────────────────────────────────────────────────────────────────────────────────

  + _libgcc_mutex                  0.1  main               anaconda/linux-64        3kB
  + _openmp_mutex                  5.1  1_gnu              anaconda/linux-64       21kB
  + blas                           1.0  openblas           anaconda/linux-64       49kB
  + brotli                       1.0.9  h5eee18b_7         anaconda/linux-64       19kB
  + brotli-bin                   1.0.9  h5eee18b_7         anaconda/linux-64       20kB
  + brotlipy                     0.7.0  py37h27cfd23_1003  anaconda/linux-64      358kB
  + bzip2                        1.0.8  h7b6447c_0         anaconda/linux-64      107kB
  + ca-certificates         2023.01.10  h06a4308_0         anaconda/linux-64      130kB
  + certifi                  2022.12.7  py37h06a4308_0     anaconda/linux-64      155kB
  + cffi                        1.15.1  py37h5eee18b_3     anaconda/linux-64      233kB
  + charset-normalizer           2.0.4  pyhd3eb1b0_0       anaconda/noarch         34kB
  + cryptography                38.0.4  py37h9ce1e76_0     anaconda/linux-64        2MB
  + cycler                      0.11.0  pyhd3eb1b0_0       anaconda/noarch         13kB
  + dbus                       1.13.18  hb2f20db_0         anaconda/linux-64      600kB
  + decorator                    5.1.1  pyhd3eb1b0_0       anaconda/noarch         12kB
  + expat                        2.4.9  h6a678d5_0         anaconda/linux-64      192kB
  + ffmpeg                       4.2.2  h20bf706_0         anaconda/linux-64       84MB
  + flit-core                    3.6.0  pyhd3eb1b0_0       anaconda/noarch         43kB
  + fontconfig                  2.14.1  h52c9d5c_1         anaconda/linux-64      363kB
  + fonttools                   4.25.0  pyhd3eb1b0_0       anaconda/noarch        690kB
  + freetype                    2.12.1  h4a9f257_0         anaconda/linux-64      972kB
  + giflib                       5.2.1  h5eee18b_1         anaconda/linux-64       73kB
  + glib                        2.56.2  hd408876_0         anaconda/linux-64        5MB
  + gmp                          6.2.1  h295c915_3         anaconda/linux-64      822kB
  + gnutls                      3.6.15  he1e5248_0         anaconda/linux-64        1MB
  + gst-plugins-base            1.14.0  hbbd80ab_1         anaconda/linux-64        7MB
  + gstreamer                   1.14.0  hb453b48_1         anaconda/linux-64        4MB
  + icu                           58.2  he6710b0_3         anaconda/linux-64       24MB
  + idna                           3.4  py37h06a4308_0     anaconda/linux-64      110kB
  + imageio                     2.19.3  py37h06a4308_0     anaconda/linux-64        4MB
  + imageio-ffmpeg               0.4.8  pyhd8ed1ab_0       conda-forge/noarch      20kB
  + jpeg                            9e  h7f8727e_0         anaconda/linux-64      280kB
  + kiwisolver                   1.4.4  py37h6a678d5_0     anaconda/linux-64       75kB
  + lame                         3.100  h7b6447c_0         anaconda/linux-64      514kB
  + lcms2                         2.12  h3be6417_0         anaconda/linux-64      406kB
  + lerc                           3.0  h295c915_0         anaconda/linux-64      228kB
  + libbrotlicommon              1.0.9  h5eee18b_7         anaconda/linux-64       67kB
  + libbrotlidec                 1.0.9  h5eee18b_7         anaconda/linux-64       35kB
  + libbrotlienc                 1.0.9  h5eee18b_7         anaconda/linux-64      295kB
  + libdeflate                     1.8  h7f8727e_5         anaconda/linux-64       69kB
  + libedit               3.1.20221030  h5eee18b_0         anaconda/linux-64      196kB
  + libffi                       3.4.2  h6a678d5_6         anaconda/linux-64      138kB
  + libgcc-ng                   11.2.0  h1234567_1         anaconda/linux-64        9MB
  + libgfortran-ng              11.2.0  h00389a5_1         anaconda/linux-64       20kB
  + libgfortran5                11.2.0  h1234567_1         anaconda/linux-64        5MB
  + libgomp                     11.2.0  h1234567_1         anaconda/linux-64      573kB
  + libidn2                      2.3.2  h7f8727e_0         anaconda/linux-64       97kB
  + libopenblas                 0.3.21  h043d6bf_0         anaconda/linux-64       10MB
  + libopus                      1.3.1  h7b6447c_0         anaconda/linux-64      584kB
  + libpng                      1.6.37  hbc83047_0         anaconda/linux-64      373kB
  + libstdcxx-ng                11.2.0  h1234567_1         anaconda/linux-64        6MB
  + libtasn1                    4.16.0  h27cfd23_0         anaconda/linux-64       63kB
  + libtiff                      4.5.0  h6a678d5_1         anaconda/linux-64      678kB
  + libunistring                0.9.10  h27cfd23_0         anaconda/linux-64      705kB
  + libuuid                     1.41.5  h5eee18b_0         anaconda/linux-64       29kB
  + libvpx                       1.7.0  h439df22_0         anaconda/linux-64        3MB
  + libwebp                      1.2.4  h11a3e52_0         anaconda/linux-64       87kB
  + libwebp-base                 1.2.4  h5eee18b_0         anaconda/linux-64      421kB
  + libxcb                        1.15  h7f8727e_0         anaconda/linux-64      623kB
  + libxml2                     2.9.14  h74e7548_0         anaconda/linux-64      789kB
  + lz4-c                        1.9.4  h6a678d5_0         anaconda/linux-64      164kB
  + matplotlib                   3.5.3  py37h06a4308_0     anaconda/linux-64        7kB
  + matplotlib-base              3.5.3  py37hf590b9c_0     anaconda/linux-64        8MB
  + moviepy                      1.0.3  pyhd8ed1ab_1       conda-forge/noarch      80kB
  + munkres                      1.1.4  py_0               anaconda/noarch         13kB
  + ncurses                        6.4  h6a678d5_0         anaconda/linux-64        1MB
  + nettle                       3.7.3  hbbd107a_1         anaconda/linux-64        1MB
  + numpy                       1.21.5  py37hf838250_3     anaconda/linux-64       10kB
  + numpy-base                  1.21.5  py37h1e6e340_3     anaconda/linux-64        6MB
  + openh264                     2.1.1  h4ff587b_0         anaconda/linux-64        2MB
  + openssl                     1.1.1s  h7f8727e_0         anaconda/linux-64        4MB
  + packaging                     22.0  py37h06a4308_0     anaconda/linux-64       64kB
  + pcre                          8.45  h295c915_0         anaconda/linux-64      263kB
  + pillow                       9.3.0  py37h6a678d5_2     anaconda/linux-64      741kB
  + pip                         22.3.1  py37h06a4308_0     anaconda/linux-64        3MB
  + proglog                      0.1.9  py_0               conda-forge/noarch       9kB
  + pycparser                     2.21  pyhd3eb1b0_0       anaconda/noarch         97kB
  + pyopenssl                   22.0.0  pyhd3eb1b0_0       anaconda/noarch         50kB
  + pyparsing                    3.0.9  py37h06a4308_0     anaconda/linux-64      155kB
  + pypdf2                      2.10.5  py37h06a4308_0     anaconda/linux-64      397kB
  + pyqt                         5.9.2  py37h05f1152_2     anaconda/linux-64        6MB
  + pysocks                      1.7.1  py37_1             anaconda/linux-64       27kB
  + python                       3.7.2  h0371630_0         anaconda/linux-64       38MB
  + python-dateutil              2.8.2  pyhd3eb1b0_0       anaconda/noarch        246kB
  + qt                           5.9.7  h5867ecd_1         anaconda/linux-64       90MB
  + readline                       7.0  h7b6447c_5         anaconda/linux-64      401kB
  + requests                    2.28.1  py37h06a4308_0     anaconda/linux-64       94kB
  + setuptools                  65.6.3  py37h06a4308_0     anaconda/linux-64        1MB
  + sip                         4.19.8  py37hf484d3e_0     anaconda/linux-64      297kB
  + six                         1.16.0  pyhd3eb1b0_1       anaconda/noarch         19kB
  + sqlite                      3.33.0  h62c20be_0         anaconda/linux-64        2MB
  + tk                          8.6.12  h1ccaba5_0         anaconda/linux-64        3MB
  + tornado                        6.2  py37h5eee18b_0     anaconda/linux-64      667kB
  + tqdm                        4.64.1  py37h06a4308_0     anaconda/linux-64      125kB
  + typing_extensions            4.4.0  py37h06a4308_0     anaconda/linux-64       46kB
  + urllib3                    1.26.14  py37h06a4308_0     anaconda/linux-64      182kB
  + wheel                       0.37.1  pyhd3eb1b0_0       anaconda/noarch         32kB
  + x264                1!157.20191217  h7b6447c_0         anaconda/linux-64        3MB
  + xz                          5.2.10  h5eee18b_1         anaconda/linux-64      459kB
  + zlib                        1.2.13  h5eee18b_0         anaconda/linux-64      128kB
  + zstd                         1.5.2  ha4553b6_0         anaconda/linux-64      827kB

  Summary:

  Install: 101 packages

  Total download: 350MB

─────────────────────────────────────────────────────────────────────────────────────────



Downloading and Extracting Packages

Preparing transaction: ...working... done
Verifying transaction: ...working... done
Executing transaction: ...working... done
Installing pip dependencies: ...working... failed
[91m
# >>>>>>>>>>>>>>>>>>>>>> ERROR REPORT <<<<<<<<<<<<<<<<<<<<<<

    Traceback (most recent call last):
      File "/opt/conda/lib/python3.10/site-packages/conda/exceptions.py", line 1124, in __call__
        return func(*args, **kwargs)
      File "/opt/conda/lib/python3.10/site-packages/conda_env/cli/main.py", line 78, in do_call
        exit_code = getattr(module, func_name)(args, parser)
      File "/opt/conda/lib/python3.10/site-packages/conda/notices/core.py", line 109, in wrapper
        return func(*args, **kwargs)
      File "/opt/conda/lib/python3.10/site-packages/conda_env/cli/main_update.py", line 132, in execute
        result[installer_type] = installer.install(prefix, specs, args, env)
      File "/opt/conda/lib/python3.10/site-packages/conda_env/installers/pip.py", line 69, in install
        return _pip_install_via_requirements(*args, **kwargs)
      File "/opt/conda/lib/python3.10/site-packages/conda_env/installers/pip.py", line 42, in _pip_install_via_requirements
        requirements = Utf8NamedTemporaryFile(mode='w',
      File "/opt/conda/lib/python3.10/site-packages/conda/auxlib/compat.py", line 38, in Utf8NamedTemporaryFile
        return NamedTemporaryFile(
      File "/opt/conda/lib/python3.10/tempfile.py", line 559, in NamedTemporaryFile
        file = _io.open(dir, mode, buffering=buffering,
      File "/opt/conda/lib/python3.10/tempfile.py", line 556, in opener
        fd, name = _mkstemp_inner(dir, prefix, suffix, flags, output_type)
      File "/opt/conda/lib/python3.10/tempfile.py", line 256, in _mkstemp_inner
        fd = _os.open(file, flags, 0o600)
    PermissionError: [Errno 13] Permission denied: '/home/docker/TestStripDX/condaenv.diir5gte.requirements.txt'

`$ /opt/conda/bin/mamba update --file conda-cpu.yml`

  environment variables:
                 CIO_TEST=<not set>
  CONDA_AUTO_UPDATE_CONDA=false
                CONDA_DIR=/opt/conda
     CONDA_PYTHON_VERSION=3
               CONDA_ROOT=/opt/conda
           CURL_CA_BUNDLE=<not set>
          LD_LIBRARY_PATH=/usr/local/nvidia/lib:/usr/local/nvidia/lib64
               LD_PRELOAD=<not set>
                     PATH=/opt/conda/bin:/usr/local/nvidia/bin:/usr/local/cuda/bin:/usr/local/sb
                          in:/usr/local/bin:/usr/sbin:/usr/bin:/sbin:/bin
       REQUESTS_CA_BUNDLE=<not set>
            SSL_CERT_FILE=<not set>

     active environment : None
       user config file : /home/docker/.condarc
 populated config files : 
          conda version : 23.1.0
    conda-build version : not installed
         python version : 3.10.9.final.0
       virtual packages : __archspec=1=x86_64
                          __glibc=2.27=0
                          __linux=5.4.0=0
                          __unix=0=0
       base environment : /opt/conda  (writable)
      conda av data dir : /opt/conda/etc/conda
  conda av metadata url : None
           channel URLs : https://repo.anaconda.com/pkgs/main/linux-64
                          https://repo.anaconda.com/pkgs/main/noarch
                          https://repo.anaconda.com/pkgs/r/linux-64
                          https://repo.anaconda.com/pkgs/r/noarch
          package cache : /opt/conda/pkgs
                          /home/docker/.conda/pkgs
       envs directories : /opt/conda/envs
                          /home/docker/.conda/envs
               platform : linux-64
             user-agent : conda/23.1.0 requests/2.28.1 CPython/3.10.9 Linux/5.4.0-132-generic ubuntu/18.04.6 glibc/2.27
                UID:GID : 1000:100
             netrc file : None
           offline mode : False


An unexpected error has occurred. Conda has prepared the above report.

[0mThe command '/bin/sh -c mamba env update --file conda-cpu.yml &&     conda clean -tipy' returned a non-zero code: 1
